Build started 2/7/2012 5:58:52 PM.
     1>Project "C:\Users\Aga\Dropbox\Network\C++\CoProcessor\CoProcessor\CoProcessor.vcxproj" on node 2 (build target(s)).
     1>InitializeBuildStatus:
         Creating "Debug\CoProcessor.unsuccessfulbuild" because "AlwaysCreate" was specified.
       ClCompile:
         c:\Program Files\Microsoft Visual Studio 10.0\VC\bin\CL.exe /c /ZI /nologo /W3 /WX- /Od /Oy- /D WIN32 /D _DEBUG /D _CONSOLE /D _UNICODE /D UNICODE /Gm /EHsc /RTC1 /MDd /GS /fp:precise /Zc:wchar_t /Zc:forScope /Fo"Debug\\" /Fd"Debug\vc100.pdb" /Gd /TP /analyze- /errorReport:prompt main.cpp
         main.cpp
     1>c:\users\aga\dropbox\network\c++\coprocessor\coprocessor\packet.h(66): warning C4018: '<' : signed/unsigned mismatch
     1>c:\users\aga\dropbox\network\c++\coprocessor\coprocessor\hardware.h(22): warning C4800: 'unsigned int' : forcing value to bool 'true' or 'false' (performance warning)
       ManifestResourceCompile:
         All outputs are up-to-date.
       Link:
         c:\Program Files\Microsoft Visual Studio 10.0\VC\bin\link.exe /ERRORREPORT:PROMPT /OUT:"C:\Users\Aga\Dropbox\Network\C++\CoProcessor\Debug\CoProcessor.exe" /INCREMENTAL /NOLOGO ws2_32.lib kernel32.lib user32.lib gdi32.lib winspool.lib comdlg32.lib advapi32.lib shell32.lib ole32.lib oleaut32.lib uuid.lib odbc32.lib odbccp32.lib kernel32.lib user32.lib gdi32.lib winspool.lib comdlg32.lib advapi32.lib shell32.lib ole32.lib oleaut32.lib uuid.lib odbc32.lib odbccp32.lib /MANIFEST /ManifestFile:"Debug\CoProcessor.exe.intermediate.manifest" /MANIFESTUAC:"level='asInvoker' uiAccess='false'" /DEBUG /PDB:"C:\Users\Aga\Dropbox\Network\C++\CoProcessor\Debug\CoProcessor.pdb" /SUBSYSTEM:CONSOLE /TLBID:1 /DYNAMICBASE /NXCOMPAT /IMPLIB:"C:\Users\Aga\Dropbox\Network\C++\CoProcessor\Debug\CoProcessor.lib" /MACHINE:X86 Debug\CoProcessor.exe.embed.manifest.res
         Debug\main.obj
       Manifest:
         C:\Program Files\Microsoft SDKs\Windows\v7.0A\bin\mt.exe /nologo /verbose /out:"Debug\CoProcessor.exe.embed.manifest" /manifest Debug\CoProcessor.exe.intermediate.manifest
         All outputs are up-to-date.
       LinkEmbedManifest:
         All outputs are up-to-date.
         CoProcessor.vcxproj -> C:\Users\Aga\Dropbox\Network\C++\CoProcessor\Debug\CoProcessor.exe
       FinalizeBuildStatus:
         Deleting file "Debug\CoProcessor.unsuccessfulbuild".
         Touching "Debug\CoProcessor.lastbuildstate".
     1>Done Building Project "C:\Users\Aga\Dropbox\Network\C++\CoProcessor\CoProcessor\CoProcessor.vcxproj" (build target(s)).

Build succeeded.

Time Elapsed 00:00:06.24
