Build started 2/7/2012 12:49:00 AM.
     1>Project "F:\Dropbox\Network\C++\CoProcessor\drive\drive.vcxproj" on node 3 (build target(s)).
     1>InitializeBuildStatus:
         Creating "Debug\drive.unsuccessfulbuild" because "AlwaysCreate" was specified.
       ClCompile:
         I:\Program Files (x86)\Microsoft Visual Studio 10.0\VC\bin\CL.exe /c /ZI /nologo /W3 /WX- /Od /Oy- /D WIN32 /D _DEBUG /D _WINDOWS /D _USRDLL /D DRIVE_EXPORTS /D _WINDLL /D _UNICODE /D UNICODE /Gm /EHsc /RTC1 /MDd /GS /fp:precise /Zc:wchar_t /Zc:forScope /Fo"Debug\\" /Fd"Debug\vc100.pdb" /Gd /TP /analyze- /errorReport:prompt drive.cpp
         drive.cpp
       ManifestResourceCompile:
         C:\Program Files (x86)\Microsoft SDKs\Windows\v7.0A\bin\rc.exe /nologo /fo"Debug\drive.dll.embed.manifest.res" Debug\drive_manifest.rc 
       Link:
         I:\Program Files (x86)\Microsoft Visual Studio 10.0\VC\bin\link.exe /ERRORREPORT:PROMPT /OUT:"F:\Dropbox\Network\C++\CoProcessor\Debug\drive.dll" /INCREMENTAL /NOLOGO kernel32.lib user32.lib gdi32.lib winspool.lib comdlg32.lib advapi32.lib shell32.lib ole32.lib oleaut32.lib uuid.lib odbc32.lib odbccp32.lib /MANIFEST /ManifestFile:"Debug\drive.dll.intermediate.manifest" /MANIFESTUAC:"level='asInvoker' uiAccess='false'" /DEBUG /PDB:"F:\Dropbox\Network\C++\CoProcessor\Debug\drive.pdb" /SUBSYSTEM:WINDOWS /TLBID:1 /DYNAMICBASE /NXCOMPAT /IMPLIB:"F:\Dropbox\Network\C++\CoProcessor\Debug\drive.lib" /MACHINE:X86 /DLL Debug\drive.dll.embed.manifest.res
         Debug\drive.obj
       Manifest:
         C:\Program Files (x86)\Microsoft SDKs\Windows\v7.0A\bin\mt.exe /nologo /verbose /out:"Debug\drive.dll.embed.manifest" /manifest Debug\drive.dll.intermediate.manifest
         C:\Program Files (x86)\Microsoft SDKs\Windows\v7.0A\bin\rc.exe /nologo /fo"Debug\drive.dll.embed.manifest.res" Debug\drive_manifest.rc 
       LinkEmbedManifest:
         I:\Program Files (x86)\Microsoft Visual Studio 10.0\VC\bin\link.exe /ERRORREPORT:PROMPT /OUT:"F:\Dropbox\Network\C++\CoProcessor\Debug\drive.dll" /INCREMENTAL /NOLOGO kernel32.lib user32.lib gdi32.lib winspool.lib comdlg32.lib advapi32.lib shell32.lib ole32.lib oleaut32.lib uuid.lib odbc32.lib odbccp32.lib /MANIFEST /ManifestFile:"Debug\drive.dll.intermediate.manifest" /MANIFESTUAC:"level='asInvoker' uiAccess='false'" /DEBUG /PDB:"F:\Dropbox\Network\C++\CoProcessor\Debug\drive.pdb" /SUBSYSTEM:WINDOWS /TLBID:1 /DYNAMICBASE /NXCOMPAT /IMPLIB:"F:\Dropbox\Network\C++\CoProcessor\Debug\drive.lib" /MACHINE:X86 /DLL Debug\drive.dll.embed.manifest.res
         Debug\drive.obj
         drive.vcxproj -> F:\Dropbox\Network\C++\CoProcessor\Debug\drive.dll
       FinalizeBuildStatus:
         Deleting file "Debug\drive.unsuccessfulbuild".
         Touching "Debug\drive.lastbuildstate".
     1>Done Building Project "F:\Dropbox\Network\C++\CoProcessor\drive\drive.vcxproj" (build target(s)).

Build succeeded.

Time Elapsed 00:00:03.20
